<?xml version="1.0" encoding="UTF-8"?>
<!-- Generated by org.testng.reporters.JUnitXMLReporter -->
<testsuite ignored="0" hostname="DESKTOP-LRITEIL" failures="0" tests="4" name="Surefire test" time="42.409" errors="0" timestamp="10 Dec 2023 18:25:36 GMT">
  <testcase classname="com.cicdseleniumframework.qa.testcases.LoginTest" name="verifyLoginWithInValidPasswordCredentials" time="1.904"/>
  <testcase classname="com.cicdseleniumframework.qa.testcases.LoginTest" name="verifyLoginWithValidCredentials" time="1.621"/>
  <testcase classname="com.cicdseleniumframework.qa.testcases.RegisterTest" name="verifyRegisteringAnAccount" time="2.205"/>
  <testcase classname="com.cicdseleniumframework.qa.testcases.RegisterTest" name="verifyRegisterwithoutFillingDetails" time="1.378"/>
</testsuite> <!-- Surefire test -->
