<?xml version="1.0" encoding="UTF-8"?>
<!-- Generated by org.testng.reporters.JUnitXMLReporter -->
<testsuite ignored="0" hostname="DESKTOP-LRITEIL" failures="0" tests="2" name="CI CD SeleniumFramework Test Cases" time="26.02" errors="0" timestamp="17 Dec 2023 17:54:16 GMT">
  <testcase classname="com.cicdseleniumframework.qa.testcases.LoginTest" name="verifyLoginWithInValidPasswordCredentials" time="1.488"/>
  <testcase classname="com.cicdseleniumframework.qa.testcases.LoginTest" name="verifyLoginWithValidCredentials" time="1.493"/>
</testsuite> <!-- CI CD SeleniumFramework Test Cases -->
