<?xml version="1.0" encoding="UTF-8"?>
<!-- Generated by org.testng.reporters.JUnitXMLReporter -->
<testsuite ignored="0" hostname="DESKTOP-LRITEIL" failures="0" tests="4" name="CI CD SeleniumFramework Test Cases" time="41.684" errors="0" timestamp="26 Dec 2023 03:20:32 GMT">
  <testcase classname="com.cicdseleniumframework.qa.testcases.LoginTest" name="verifyLoginWithInValidPasswordCredentials" time="1.625"/>
  <testcase classname="com.cicdseleniumframework.qa.testcases.LoginTest" name="verifyLoginWithValidCredentials" time="1.548"/>
  <testcase classname="com.cicdseleniumframework.qa.testcases.RegisterTest" name="verifyRegisteringAnAccount" time="2.065"/>
  <testcase classname="com.cicdseleniumframework.qa.testcases.RegisterTest" name="verifyRegisterwithoutFillingDetails" time="0.891"/>
</testsuite> <!-- CI CD SeleniumFramework Test Cases -->
