<?xml version="1.0" encoding="UTF-8"?>
<!-- Generated by org.testng.reporters.JUnitXMLReporter -->
<testsuite ignored="0" hostname="DESKTOP-LRITEIL" failures="0" tests="2" name="CI CD SeleniumFramework Test Cases" time="33.53" errors="0" timestamp="09 Jan 2024 13:18:22 GMT">
  <testcase classname="com.cicdseleniumframework.qa.testcases.LoginTest" name="verifyLoginWithInValidPasswordCredentials" time="2.08"/>
  <testcase classname="com.cicdseleniumframework.qa.testcases.LoginTest" name="verifyLoginWithValidCredentials" time="2.223"/>
</testsuite> <!-- CI CD SeleniumFramework Test Cases -->
