<?xml version="1.0" encoding="UTF-8"?>
<!-- Generated by org.testng.reporters.JUnitXMLReporter -->
<testsuite ignored="0" hostname="DESKTOP-LRITEIL" failures="0" tests="2" name="CI CD SeleniumFramework Test Cases" time="25.673" errors="0" timestamp="11 Jan 2024 12:42:04 GMT">
  <testcase classname="com.cicdseleniumframework.qa.testcases.LoginTest" name="verifyLoginWithInValidPasswordCredentials" time="1.758"/>
  <testcase classname="com.cicdseleniumframework.qa.testcases.LoginTest" name="verifyLoginWithValidCredentials" time="1.644"/>
</testsuite> <!-- CI CD SeleniumFramework Test Cases -->
