<?xml version="1.0" encoding="UTF-8"?>
<testng-results ignored="0" total="4" passed="4" failed="0" skipped="0">
  <reporter-output>
  </reporter-output>
  <suite started-at="2023-12-10T18:35:57Z" name="CI CD SeleniumFramework Suite" finished-at="2023-12-10T18:36:41Z" duration-ms="44578">
    <groups>
    </groups>
    <test started-at="2023-12-10T18:35:57Z" name="CI CD SeleniumFramework Test Cases" finished-at="2023-12-10T18:36:41Z" duration-ms="44578">
      <class name="com.cicdseleniumframework.qa.testcases.RegisterTest">
        <test-method is-config="true" signature="setUp()[pri:0, instance:com.cicdseleniumframework.qa.testcases.RegisterTest@475e586c]" started-at="2023-12-10T18:36:23Z" name="setUp" finished-at="2023-12-10T18:36:30Z" duration-ms="7073" status="PASS">
          <reporter-output>
          </reporter-output>
        </test-method> <!-- setUp -->
        <test-method signature="verifyRegisteringAnAccount()[pri:0, instance:com.cicdseleniumframework.qa.testcases.RegisterTest@475e586c]" started-at="2023-12-10T18:36:30Z" name="verifyRegisteringAnAccount" finished-at="2023-12-10T18:36:32Z" duration-ms="2267" status="PASS">
          <reporter-output>
          </reporter-output>
        </test-method> <!-- verifyRegisteringAnAccount -->
        <test-method is-config="true" signature="tearDown()[pri:0, instance:com.cicdseleniumframework.qa.testcases.RegisterTest@475e586c]" started-at="2023-12-10T18:36:32Z" name="tearDown" finished-at="2023-12-10T18:36:33Z" duration-ms="381" status="PASS">
          <reporter-output>
          </reporter-output>
        </test-method> <!-- tearDown -->
        <test-method is-config="true" signature="setUp()[pri:0, instance:com.cicdseleniumframework.qa.testcases.RegisterTest@475e586c]" started-at="2023-12-10T18:36:33Z" name="setUp" finished-at="2023-12-10T18:36:40Z" duration-ms="6974" status="PASS">
          <reporter-output>
          </reporter-output>
        </test-method> <!-- setUp -->
        <test-method signature="verifyRegisterwithoutFillingDetails()[pri:0, instance:com.cicdseleniumframework.qa.testcases.RegisterTest@475e586c]" started-at="2023-12-10T18:36:40Z" name="verifyRegisterwithoutFillingDetails" finished-at="2023-12-10T18:36:41Z" duration-ms="1204" status="PASS">
          <reporter-output>
          </reporter-output>
        </test-method> <!-- verifyRegisterwithoutFillingDetails -->
        <test-method is-config="true" signature="tearDown()[pri:0, instance:com.cicdseleniumframework.qa.testcases.RegisterTest@475e586c]" started-at="2023-12-10T18:36:41Z" name="tearDown" finished-at="2023-12-10T18:36:41Z" duration-ms="394" status="PASS">
          <reporter-output>
          </reporter-output>
        </test-method> <!-- tearDown -->
      </class> <!-- com.cicdseleniumframework.qa.testcases.RegisterTest -->
      <class name="com.cicdseleniumframework.qa.testcases.LoginTest">
        <test-method is-config="true" signature="setUp()[pri:0, instance:com.cicdseleniumframework.qa.testcases.LoginTest@6295d394]" started-at="2023-12-10T18:35:57Z" name="setUp" finished-at="2023-12-10T18:36:11Z" duration-ms="13742" status="PASS">
          <reporter-output>
          </reporter-output>
        </test-method> <!-- setUp -->
        <test-method signature="verifyLoginWithInValidPasswordCredentials()[pri:0, instance:com.cicdseleniumframework.qa.testcases.LoginTest@6295d394]" started-at="2023-12-10T18:36:11Z" name="verifyLoginWithInValidPasswordCredentials" finished-at="2023-12-10T18:36:13Z" duration-ms="2071" status="PASS">
          <reporter-output>
          </reporter-output>
        </test-method> <!-- verifyLoginWithInValidPasswordCredentials -->
        <test-method is-config="true" signature="tearDown()[pri:0, instance:com.cicdseleniumframework.qa.testcases.LoginTest@6295d394]" started-at="2023-12-10T18:36:13Z" name="tearDown" finished-at="2023-12-10T18:36:14Z" duration-ms="521" status="PASS">
          <reporter-output>
          </reporter-output>
        </test-method> <!-- tearDown -->
        <test-method is-config="true" signature="setUp()[pri:0, instance:com.cicdseleniumframework.qa.testcases.LoginTest@6295d394]" started-at="2023-12-10T18:36:14Z" name="setUp" finished-at="2023-12-10T18:36:21Z" duration-ms="7041" status="PASS">
          <reporter-output>
          </reporter-output>
        </test-method> <!-- setUp -->
        <test-method signature="verifyLoginWithValidCredentials()[pri:0, instance:com.cicdseleniumframework.qa.testcases.LoginTest@6295d394]" started-at="2023-12-10T18:36:21Z" name="verifyLoginWithValidCredentials" finished-at="2023-12-10T18:36:23Z" duration-ms="1814" status="PASS">
          <reporter-output>
          </reporter-output>
        </test-method> <!-- verifyLoginWithValidCredentials -->
        <test-method is-config="true" signature="tearDown()[pri:0, instance:com.cicdseleniumframework.qa.testcases.LoginTest@6295d394]" started-at="2023-12-10T18:36:23Z" name="tearDown" finished-at="2023-12-10T18:36:23Z" duration-ms="430" status="PASS">
          <reporter-output>
          </reporter-output>
        </test-method> <!-- tearDown -->
      </class> <!-- com.cicdseleniumframework.qa.testcases.LoginTest -->
    </test> <!-- CI CD SeleniumFramework Test Cases -->
  </suite> <!-- CI CD SeleniumFramework Suite -->
</testng-results>
