<?xml version="1.0" encoding="UTF-8"?>
<testsuite xmlns:xsi="http://www.w3.org/2001/XMLSchema-instance" xsi:noNamespaceSchemaLocation="https://maven.apache.org/surefire/maven-surefire-plugin/xsd/surefire-test-report-3.0.xsd" version="3.0" name="TestSuite" time="37.113" tests="2" errors="0" skipped="0" failures="0">
  <properties>
[...]
</properties>
  <testcase name="verifyLoginWithInValidPasswordCredentials" classname="com.cicdseleniumframework.qa.testcases.LoginTest" time="2.189"/>
  <testcase name="verifyLoginWithValidCredentials" classname="com.cicdseleniumframework.qa.testcases.LoginTest" time="2.154">
    <system-out><![CDATA[Driver quit
]]></system-out>
  </testcase>
</testsuite>