<?xml version="1.0" encoding="UTF-8"?>
<testsuite xmlns:xsi="http://www.w3.org/2001/XMLSchema-instance" xsi:schemaLocation="https://maven.apache.org/surefire/maven-surefire-plugin/xsd/surefire-test-report.xsd" name="TestSuite" time="31.065" tests="2" errors="0" skipped="0" failures="0">
  <properties>
[...]
</properties>
  <testcase name="verifyLoginWithInValidPasswordCredentials" classname="com.cicdseleniumframework.qa.testcases.LoginTest" time="1.761"/>
  <testcase name="verifyLoginWithValidCredentials" classname="com.cicdseleniumframework.qa.testcases.LoginTest" time="1.644"/>
</testsuite>