<?xml version="1.0" encoding="UTF-8"?>
<testng-results ignored="0" total="4" passed="4" failed="0" skipped="0">
  <reporter-output>
  </reporter-output>
  <suite started-at="2023-12-26T03:19:50Z" name="CI CD SeleniumFramework Suite" finished-at="2023-12-26T03:20:32Z" duration-ms="41684">
    <groups>
    </groups>
    <test started-at="2023-12-26T03:19:50Z" name="CI CD SeleniumFramework Test Cases" finished-at="2023-12-26T03:20:32Z" duration-ms="41684">
      <class name="com.cicdseleniumframework.qa.testcases.RegisterTest">
        <test-method is-config="true" signature="setUp()[pri:0, instance:com.cicdseleniumframework.qa.testcases.RegisterTest@49c386c8]" started-at="2023-12-26T03:20:14Z" name="setUp" finished-at="2023-12-26T03:20:23Z" duration-ms="8604" status="PASS">
          <reporter-output>
          </reporter-output>
        </test-method> <!-- setUp -->
        <test-method signature="verifyRegisteringAnAccount()[pri:0, instance:com.cicdseleniumframework.qa.testcases.RegisterTest@49c386c8]" started-at="2023-12-26T03:20:23Z" name="verifyRegisteringAnAccount" finished-at="2023-12-26T03:20:25Z" duration-ms="2065" status="PASS">
          <reporter-output>
          </reporter-output>
        </test-method> <!-- verifyRegisteringAnAccount -->
        <test-method is-config="true" signature="tearDown()[pri:0, instance:com.cicdseleniumframework.qa.testcases.RegisterTest@49c386c8]" started-at="2023-12-26T03:20:25Z" name="tearDown" finished-at="2023-12-26T03:20:25Z" duration-ms="266" status="PASS">
          <reporter-output>
          </reporter-output>
        </test-method> <!-- tearDown -->
        <test-method is-config="true" signature="setUp()[pri:0, instance:com.cicdseleniumframework.qa.testcases.RegisterTest@49c386c8]" started-at="2023-12-26T03:20:25Z" name="setUp" finished-at="2023-12-26T03:20:31Z" duration-ms="6060" status="PASS">
          <reporter-output>
          </reporter-output>
        </test-method> <!-- setUp -->
        <test-method signature="verifyRegisterwithoutFillingDetails()[pri:0, instance:com.cicdseleniumframework.qa.testcases.RegisterTest@49c386c8]" started-at="2023-12-26T03:20:31Z" name="verifyRegisterwithoutFillingDetails" finished-at="2023-12-26T03:20:32Z" duration-ms="891" status="PASS">
          <reporter-output>
          </reporter-output>
        </test-method> <!-- verifyRegisterwithoutFillingDetails -->
        <test-method is-config="true" signature="tearDown()[pri:0, instance:com.cicdseleniumframework.qa.testcases.RegisterTest@49c386c8]" started-at="2023-12-26T03:20:32Z" name="tearDown" finished-at="2023-12-26T03:20:32Z" duration-ms="263" status="PASS">
          <reporter-output>
          </reporter-output>
        </test-method> <!-- tearDown -->
      </class> <!-- com.cicdseleniumframework.qa.testcases.RegisterTest -->
      <class name="com.cicdseleniumframework.qa.testcases.LoginTest">
        <test-method is-config="true" signature="setUp()[pri:0, instance:com.cicdseleniumframework.qa.testcases.LoginTest@1f0f1111]" started-at="2023-12-26T03:19:51Z" name="setUp" finished-at="2023-12-26T03:20:02Z" duration-ms="11095" status="PASS">
          <reporter-output>
          </reporter-output>
        </test-method> <!-- setUp -->
        <test-method signature="verifyLoginWithInValidPasswordCredentials()[pri:0, instance:com.cicdseleniumframework.qa.testcases.LoginTest@1f0f1111]" started-at="2023-12-26T03:20:02Z" name="verifyLoginWithInValidPasswordCredentials" finished-at="2023-12-26T03:20:04Z" duration-ms="1625" status="PASS">
          <reporter-output>
          </reporter-output>
        </test-method> <!-- verifyLoginWithInValidPasswordCredentials -->
        <test-method is-config="true" signature="tearDown()[pri:0, instance:com.cicdseleniumframework.qa.testcases.LoginTest@1f0f1111]" started-at="2023-12-26T03:20:04Z" name="tearDown" finished-at="2023-12-26T03:20:04Z" duration-ms="420" status="PASS">
          <reporter-output>
          </reporter-output>
        </test-method> <!-- tearDown -->
        <test-method is-config="true" signature="setUp()[pri:0, instance:com.cicdseleniumframework.qa.testcases.LoginTest@1f0f1111]" started-at="2023-12-26T03:20:04Z" name="setUp" finished-at="2023-12-26T03:20:12Z" duration-ms="7657" status="PASS">
          <reporter-output>
          </reporter-output>
        </test-method> <!-- setUp -->
        <test-method signature="verifyLoginWithValidCredentials()[pri:0, instance:com.cicdseleniumframework.qa.testcases.LoginTest@1f0f1111]" started-at="2023-12-26T03:20:12Z" name="verifyLoginWithValidCredentials" finished-at="2023-12-26T03:20:13Z" duration-ms="1548" status="PASS">
          <reporter-output>
          </reporter-output>
        </test-method> <!-- verifyLoginWithValidCredentials -->
        <test-method is-config="true" signature="tearDown()[pri:0, instance:com.cicdseleniumframework.qa.testcases.LoginTest@1f0f1111]" started-at="2023-12-26T03:20:13Z" name="tearDown" finished-at="2023-12-26T03:20:14Z" duration-ms="674" status="PASS">
          <reporter-output>
          </reporter-output>
        </test-method> <!-- tearDown -->
      </class> <!-- com.cicdseleniumframework.qa.testcases.LoginTest -->
    </test> <!-- CI CD SeleniumFramework Test Cases -->
  </suite> <!-- CI CD SeleniumFramework Suite -->
</testng-results>
