<?xml version="1.0" encoding="UTF-8"?>
<testng-results ignored="0" total="2" passed="2" failed="0" skipped="0">
  <reporter-output>
  </reporter-output>
  <suite started-at="2023-12-17T17:53:50Z" name="CI CD SeleniumFramework Suite" finished-at="2023-12-17T17:54:16Z" duration-ms="26020">
    <groups>
    </groups>
    <test started-at="2023-12-17T17:53:50Z" name="CI CD SeleniumFramework Test Cases" finished-at="2023-12-17T17:54:16Z" duration-ms="26020">
      <class name="com.cicdseleniumframework.qa.testcases.LoginTest">
        <test-method is-config="true" signature="setUp()[pri:0, instance:com.cicdseleniumframework.qa.testcases.LoginTest@2b6faea6]" started-at="2023-12-17T17:53:51Z" name="setUp" finished-at="2023-12-17T17:54:03Z" duration-ms="12142" status="PASS">
          <reporter-output>
          </reporter-output>
        </test-method> <!-- setUp -->
        <test-method signature="verifyLoginWithInValidPasswordCredentials()[pri:0, instance:com.cicdseleniumframework.qa.testcases.LoginTest@2b6faea6]" started-at="2023-12-17T17:54:03Z" name="verifyLoginWithInValidPasswordCredentials" finished-at="2023-12-17T17:54:04Z" duration-ms="1488" status="PASS">
          <reporter-output>
          </reporter-output>
        </test-method> <!-- verifyLoginWithInValidPasswordCredentials -->
        <test-method is-config="true" signature="tearDown()[pri:0, instance:com.cicdseleniumframework.qa.testcases.LoginTest@2b6faea6]" started-at="2023-12-17T17:54:04Z" name="tearDown" finished-at="2023-12-17T17:54:05Z" duration-ms="763" status="PASS">
          <reporter-output>
          </reporter-output>
        </test-method> <!-- tearDown -->
        <test-method is-config="true" signature="setUp()[pri:0, instance:com.cicdseleniumframework.qa.testcases.LoginTest@2b6faea6]" started-at="2023-12-17T17:54:05Z" name="setUp" finished-at="2023-12-17T17:54:14Z" duration-ms="8516" status="PASS">
          <reporter-output>
          </reporter-output>
        </test-method> <!-- setUp -->
        <test-method signature="verifyLoginWithValidCredentials()[pri:0, instance:com.cicdseleniumframework.qa.testcases.LoginTest@2b6faea6]" started-at="2023-12-17T17:54:14Z" name="verifyLoginWithValidCredentials" finished-at="2023-12-17T17:54:15Z" duration-ms="1493" status="PASS">
          <reporter-output>
          </reporter-output>
        </test-method> <!-- verifyLoginWithValidCredentials -->
        <test-method is-config="true" signature="tearDown()[pri:0, instance:com.cicdseleniumframework.qa.testcases.LoginTest@2b6faea6]" started-at="2023-12-17T17:54:15Z" name="tearDown" finished-at="2023-12-17T17:54:16Z" duration-ms="338" status="PASS">
          <reporter-output>
          </reporter-output>
        </test-method> <!-- tearDown -->
      </class> <!-- com.cicdseleniumframework.qa.testcases.LoginTest -->
    </test> <!-- CI CD SeleniumFramework Test Cases -->
  </suite> <!-- CI CD SeleniumFramework Suite -->
</testng-results>
